<?xml version="1.0" encoding="UTF-8"?>
<testng-results skipped="0" failed="0" total="1" passed="1">
  <reporter-output>
  </reporter-output>
  <suite name="Default suite" duration-ms="129" started-at="2017-12-06T06:39:29Z" finished-at="2017-12-06T06:39:29Z">
    <groups>
    </groups>
    <test name="Default test" duration-ms="129" started-at="2017-12-06T06:39:29Z" finished-at="2017-12-06T06:39:29Z">
      <class name="login.Login">
        <test-method status="PASS" signature="login()[pri:0, instance:login.Login@4b1a288c]" name="login" duration-ms="45" started-at="2017-12-06T14:39:29Z" finished-at="2017-12-06T14:39:29Z">
          <reporter-output>
          </reporter-output>
        </test-method> <!-- login -->
      </class> <!-- login.Login -->
    </test> <!-- Default test -->
  </suite> <!-- Default suite -->
</testng-results>
