<?xml version="1.0" encoding="UTF-8"?>
<testng-results skipped="0" failed="0" total="1" passed="1">
  <reporter-output>
  </reporter-output>
  <suite name="Suite" duration-ms="115" started-at="2017-12-11T07:33:51Z" finished-at="2017-12-11T07:33:51Z">
    <groups>
    </groups>
    <test name="Test1" duration-ms="115" started-at="2017-12-11T07:33:51Z" finished-at="2017-12-11T07:33:51Z">
      <class name="login.Login">
        <test-method status="PASS" signature="login()[pri:0, instance:login.Login@31651361]" name="login" duration-ms="60" started-at="2017-12-11T15:33:51Z" finished-at="2017-12-11T15:33:51Z">
          <reporter-output>
          </reporter-output>
        </test-method> <!-- login -->
      </class> <!-- login.Login -->
    </test> <!-- Test1 -->
  </suite> <!-- Suite -->
</testng-results>
